Determining if the pthread_create exist failed with the following output:
Change Dir: /home/sandeep/Desktop/cpp-boilerplate/bu/CMakeFiles/CMakeTmp

Run Build Command:"/usr/bin/make" "cmTC_d08ef/fast"
/usr/bin/make -f CMakeFiles/cmTC_d08ef.dir/build.make CMakeFiles/cmTC_d08ef.dir/build
make[1]: Entering directory '/home/sandeep/Desktop/cpp-boilerplate/bu/CMakeFiles/CMakeTmp'
Building C object CMakeFiles/cmTC_d08ef.dir/CheckSymbolExists.c.o
/usr/bin/cc     -o CMakeFiles/cmTC_d08ef.dir/CheckSymbolExists.c.o   -c /home/sandeep/Desktop/cpp-boilerplate/bu/CMakeFiles/CMakeTmp/CheckSymbolExists.c
Linking C executable cmTC_d08ef
/usr/bin/cmake -E cmake_link_script CMakeFiles/cmTC_d08ef.dir/link.txt --verbose=1
/usr/bin/cc       CMakeFiles/cmTC_d08ef.dir/CheckSymbolExists.c.o  -o cmTC_d08ef -rdynamic 
CMakeFiles/cmTC_d08ef.dir/CheckSymbolExists.c.o: In function `main':
CheckSymbolExists.c:(.text+0x16): undefined reference to `pthread_create'
collect2: error: ld returned 1 exit status
CMakeFiles/cmTC_d08ef.dir/build.make:97: recipe for target 'cmTC_d08ef' failed
make[1]: *** [cmTC_d08ef] Error 1
make[1]: Leaving directory '/home/sandeep/Desktop/cpp-boilerplate/bu/CMakeFiles/CMakeTmp'
Makefile:126: recipe for target 'cmTC_d08ef/fast' failed
make: *** [cmTC_d08ef/fast] Error 2

File /home/sandeep/Desktop/cpp-boilerplate/bu/CMakeFiles/CMakeTmp/CheckSymbolExists.c:
/* */
#include <pthread.h>

int main(int argc, char** argv)
{
  (void)argv;
#ifndef pthread_create
  return ((int*)(&pthread_create))[argc];
#else
  (void)argc;
  return 0;
#endif
}

Determining if the function pthread_create exists in the pthreads failed with the following output:
Change Dir: /home/sandeep/Desktop/cpp-boilerplate/bu/CMakeFiles/CMakeTmp

Run Build Command:"/usr/bin/make" "cmTC_6147e/fast"
/usr/bin/make -f CMakeFiles/cmTC_6147e.dir/build.make CMakeFiles/cmTC_6147e.dir/build
make[1]: Entering directory '/home/sandeep/Desktop/cpp-boilerplate/bu/CMakeFiles/CMakeTmp'
Building C object CMakeFiles/cmTC_6147e.dir/CheckFunctionExists.c.o
/usr/bin/cc    -DCHECK_FUNCTION_EXISTS=pthread_create   -o CMakeFiles/cmTC_6147e.dir/CheckFunctionExists.c.o   -c /usr/share/cmake-3.5/Modules/CheckFunctionExists.c
Linking C executable cmTC_6147e
/usr/bin/cmake -E cmake_link_script CMakeFiles/cmTC_6147e.dir/link.txt --verbose=1
/usr/bin/cc   -DCHECK_FUNCTION_EXISTS=pthread_create    CMakeFiles/cmTC_6147e.dir/CheckFunctionExists.c.o  -o cmTC_6147e -rdynamic -lpthreads 
/usr/bin/ld: cannot find -lpthreads
collect2: error: ld returned 1 exit status
CMakeFiles/cmTC_6147e.dir/build.make:97: recipe for target 'cmTC_6147e' failed
make[1]: *** [cmTC_6147e] Error 1
make[1]: Leaving directory '/home/sandeep/Desktop/cpp-boilerplate/bu/CMakeFiles/CMakeTmp'
Makefile:126: recipe for target 'cmTC_6147e/fast' failed
make: *** [cmTC_6147e/fast] Error 2


